<?xml version="1.0" encoding="UTF-8"?>
<!-- Generated by org.testng.reporters.JUnitReportReporter -->
<testsuite hostname="DESKTOP-EEPE4EA" failures="0" tests="3" name="testPages.dataProviderExcelTest" time="28.553" errors="0" timestamp="2023-11-06T21:01:50 EST" skipped="0">
  <testcase classname="testPages.dataProviderExcelTest" name="openBrowserAndURL" time="10.512"/>
  <testcase classname="testPages.dataProviderExcelTest" name="openBrowserAndURL" time="9.163"/>
  <testcase classname="testPages.dataProviderExcelTest" name="openBrowserAndURL" time="8.878"/>
</testsuite> <!-- testPages.dataProviderExcelTest -->
