<?xml version="1.0" encoding="UTF-8"?>
<!-- Generated by org.testng.reporters.JUnitReportReporter -->
<testsuite hostname="DESKTOP-EEPE4EA" failures="0" tests="3" name="testPages.dataProviderMySqlTest" time="31.190" errors="0" timestamp="2023-11-13T19:21:00 EST" skipped="0">
  <testcase classname="testPages.dataProviderMySqlTest" name="setUpTest" time="9.679"/>
  <testcase classname="testPages.dataProviderMySqlTest" name="setUpTest" time="11.440"/>
  <testcase classname="testPages.dataProviderMySqlTest" name="setUpTest" time="10.071"/>
</testsuite> <!-- testPages.dataProviderMySqlTest -->
